0 info it worked if it ends with ok
1 verbose cli [ '/usr/bin/node', '/usr/bin/npm', 'run-script', 'server' ]
2 info using npm@3.10.10
3 info using node@v6.11.5
4 verbose run-script [ 'preserver', 'server', 'postserver' ]
5 info lifecycle kisan-phonebook@0.0.1~preserver: kisan-phonebook@0.0.1
6 silly lifecycle kisan-phonebook@0.0.1~preserver: no script for preserver, continuing
7 info lifecycle kisan-phonebook@0.0.1~server: kisan-phonebook@0.0.1
8 verbose lifecycle kisan-phonebook@0.0.1~server: unsafe-perm in lifecycle true
9 verbose lifecycle kisan-phonebook@0.0.1~server: PATH: /usr/lib/node_modules/npm/bin/node-gyp-bin:/home/sayan/Documents/nodeJS projects/kisan-phonebook/node_modules/.bin:/home/sayan/bin:/home/sayan/.local/bin:/usr/local/sbin:/usr/local/bin:/usr/sbin:/usr/bin:/sbin:/bin:/usr/games:/usr/local/games:/snap/bin:/usr/lib/jvm/java-8-oracle/bin:/usr/lib/jvm/java-8-oracle/db/bin:/usr/lib/jvm/java-8-oracle/jre/bin
10 verbose lifecycle kisan-phonebook@0.0.1~server: CWD: /home/sayan/Documents/nodeJS projects/kisan-phonebook
11 silly lifecycle kisan-phonebook@0.0.1~server: Args: [ '-c', 'node ./bin/server' ]
12 silly lifecycle kisan-phonebook@0.0.1~server: Returned: code: 1  signal: null
13 info lifecycle kisan-phonebook@0.0.1~server: Failed to exec server script
14 verbose stack Error: kisan-phonebook@0.0.1 server: `node ./bin/server`
14 verbose stack Exit status 1
14 verbose stack     at EventEmitter.<anonymous> (/usr/lib/node_modules/npm/lib/utils/lifecycle.js:255:16)
14 verbose stack     at emitTwo (events.js:106:13)
14 verbose stack     at EventEmitter.emit (events.js:191:7)
14 verbose stack     at ChildProcess.<anonymous> (/usr/lib/node_modules/npm/lib/utils/spawn.js:40:14)
14 verbose stack     at emitTwo (events.js:106:13)
14 verbose stack     at ChildProcess.emit (events.js:191:7)
14 verbose stack     at maybeClose (internal/child_process.js:920:16)
14 verbose stack     at Process.ChildProcess._handle.onexit (internal/child_process.js:230:5)
15 verbose pkgid kisan-phonebook@0.0.1
16 verbose cwd /home/sayan/Documents/nodeJS projects/kisan-phonebook
17 error Linux 4.4.0-109-generic
18 error argv "/usr/bin/node" "/usr/bin/npm" "run-script" "server"
19 error node v6.11.5
20 error npm  v3.10.10
21 error code ELIFECYCLE
22 error kisan-phonebook@0.0.1 server: `node ./bin/server`
22 error Exit status 1
23 error Failed at the kisan-phonebook@0.0.1 server script 'node ./bin/server'.
23 error Make sure you have the latest version of node.js and npm installed.
23 error If you do, this is most likely a problem with the kisan-phonebook package,
23 error not with npm itself.
23 error Tell the author that this fails on your system:
23 error     node ./bin/server
23 error You can get information on how to open an issue for this project with:
23 error     npm bugs kisan-phonebook
23 error Or if that isn't available, you can get their info via:
23 error     npm owner ls kisan-phonebook
23 error There is likely additional logging output above.
24 verbose exit [ 1, true ]
